<?xml version="1.0" encoding="UTF-8"?>
<testng-results skipped="0" failed="1" total="5" passed="4">
  <reporter-output>
  </reporter-output>
  <suite name="Default suite" duration-ms="13773" started-at="2016-04-11T22:56:26Z" finished-at="2016-04-11T22:56:40Z">
    <groups>
    </groups>
    <test name="Default test" duration-ms="13773" started-at="2016-04-11T22:56:26Z" finished-at="2016-04-11T22:56:40Z">
      <class name="com.omgeo.test.OmgeoTest">
        <test-method status="PASS" signature="setup()[pri:0, instance:com.omgeo.test.OmgeoTest@247d8ae]" name="setup" is-config="true" duration-ms="34" started-at="2016-04-11T17:56:26Z" finished-at="2016-04-11T17:56:27Z">
          <reporter-output>
          </reporter-output>
        </test-method> <!-- setup -->
        <test-method status="PASS" signature="testHomePageAppearCorrect()[pri:0, instance:com.omgeo.test.OmgeoTest@247d8ae]" name="testHomePageAppearCorrect" duration-ms="4014" started-at="2016-04-11T17:56:27Z" finished-at="2016-04-11T17:56:31Z">
          <reporter-output>
          </reporter-output>
        </test-method> <!-- testHomePageAppearCorrect -->
        <test-method status="PASS" signature="testAboutPageAppearCorrect()[pri:1, instance:com.omgeo.test.OmgeoTest@247d8ae]" name="testAboutPageAppearCorrect" duration-ms="3207" started-at="2016-04-11T17:56:31Z" finished-at="2016-04-11T17:56:34Z">
          <reporter-output>
          </reporter-output>
        </test-method> <!-- testAboutPageAppearCorrect -->
        <test-method status="PASS" signature="testAlertPageAppearCorrect()[pri:2, instance:com.omgeo.test.OmgeoTest@247d8ae]" name="testAlertPageAppearCorrect" duration-ms="1999" started-at="2016-04-11T17:56:34Z" finished-at="2016-04-11T17:56:36Z">
          <reporter-output>
          </reporter-output>
        </test-method> <!-- testAlertPageAppearCorrect -->
        <test-method status="PASS" signature="testLeaderShipPage()[pri:3, instance:com.omgeo.test.OmgeoTest@247d8ae]" name="testLeaderShipPage" duration-ms="2059" started-at="2016-04-11T17:56:36Z" finished-at="2016-04-11T17:56:38Z">
          <reporter-output>
          </reporter-output>
        </test-method> <!-- testLeaderShipPage -->
        <test-method status="FAIL" signature="testMemberClick()[pri:4, instance:com.omgeo.test.OmgeoTest@247d8ae]" name="testMemberClick" duration-ms="2405" started-at="2016-04-11T17:56:38Z" finished-at="2016-04-11T17:56:40Z">
          <exception class="org.openqa.selenium.StaleElementReferenceException">
            <message>
              <![CDATA[Element not found in the cache - perhaps the page has changed since it was looked up
Command duration or timeout: 1.10 seconds
For documentation on this error, please visit: http://seleniumhq.org/exceptions/stale_element_reference.html
Build info: version: '2.53.0', revision: '35ae25b1534ae328c771e0856c93e187490ca824', time: '2016-03-15 10:43:46'
System info: host: 'Venkata', ip: '192.168.0.18', os.name: 'Windows 8.1', os.arch: 'amd64', os.version: '6.3', java.version: '1.8.0_31'
Driver info: org.openqa.selenium.firefox.FirefoxDriver
Capabilities [{applicationCacheEnabled=true, rotatable=false, handlesAlerts=true, databaseEnabled=true, version=37.0.2, platform=WINDOWS, nativeEvents=false, acceptSslCerts=true, webStorageEnabled=true, locationContextEnabled=true, browserName=firefox, takesScreenshot=true, javascriptEnabled=true, cssSelectorsEnabled=true}]
Session ID: 60b7db38-81f8-49dc-b263-820dcf855553
*** Element info: {Using=xpath, value=.//strong}]]>
            </message>
            <full-stacktrace>
              <![CDATA[org.openqa.selenium.StaleElementReferenceException: Element not found in the cache - perhaps the page has changed since it was looked up
Command duration or timeout: 1.10 seconds
For documentation on this error, please visit: http://seleniumhq.org/exceptions/stale_element_reference.html
Build info: version: '2.53.0', revision: '35ae25b1534ae328c771e0856c93e187490ca824', time: '2016-03-15 10:43:46'
System info: host: 'Venkata', ip: '192.168.0.18', os.name: 'Windows 8.1', os.arch: 'amd64', os.version: '6.3', java.version: '1.8.0_31'
Driver info: org.openqa.selenium.firefox.FirefoxDriver
Capabilities [{applicationCacheEnabled=true, rotatable=false, handlesAlerts=true, databaseEnabled=true, version=37.0.2, platform=WINDOWS, nativeEvents=false, acceptSslCerts=true, webStorageEnabled=true, locationContextEnabled=true, browserName=firefox, takesScreenshot=true, javascriptEnabled=true, cssSelectorsEnabled=true}]
Session ID: 60b7db38-81f8-49dc-b263-820dcf855553
*** Element info: {Using=xpath, value=.//strong}
	at sun.reflect.NativeConstructorAccessorImpl.newInstance0(Native Method)
	at sun.reflect.NativeConstructorAccessorImpl.newInstance(NativeConstructorAccessorImpl.java:62)
	at sun.reflect.DelegatingConstructorAccessorImpl.newInstance(DelegatingConstructorAccessorImpl.java:45)
	at java.lang.reflect.Constructor.newInstance(Constructor.java:408)
	at org.openqa.selenium.remote.ErrorHandler.createThrowable(ErrorHandler.java:206)
	at org.openqa.selenium.remote.ErrorHandler.throwIfResponseFailed(ErrorHandler.java:158)
	at org.openqa.selenium.remote.RemoteWebDriver.execute(RemoteWebDriver.java:678)
	at org.openqa.selenium.remote.RemoteWebElement.execute(RemoteWebElement.java:327)
	at org.openqa.selenium.remote.RemoteWebElement.findElement(RemoteWebElement.java:198)
	at org.openqa.selenium.remote.RemoteWebElement.findElementByXPath(RemoteWebElement.java:295)
	at org.openqa.selenium.By$ByXPath.findElement(By.java:361)
	at org.openqa.selenium.remote.RemoteWebElement.findElement(RemoteWebElement.java:194)
	at com.omgeo.pagefactory.OmgeoLeadershipPage.clickLearnMoreLink(OmgeoLeadershipPage.java:41)
	at com.omgeo.test.OmgeoTest.testMemberClick(OmgeoTest.java:55)
	at sun.reflect.NativeMethodAccessorImpl.invoke0(Native Method)
	at sun.reflect.NativeMethodAccessorImpl.invoke(NativeMethodAccessorImpl.java:62)
	at sun.reflect.DelegatingMethodAccessorImpl.invoke(DelegatingMethodAccessorImpl.java:43)
	at java.lang.reflect.Method.invoke(Method.java:483)
	at org.testng.internal.MethodInvocationHelper.invokeMethod(MethodInvocationHelper.java:86)
	at org.testng.internal.Invoker.invokeMethod(Invoker.java:643)
	at org.testng.internal.Invoker.invokeTestMethod(Invoker.java:820)
	at org.testng.internal.Invoker.invokeTestMethods(Invoker.java:1128)
	at org.testng.internal.TestMethodWorker.invokeTestMethods(TestMethodWorker.java:129)
	at org.testng.internal.TestMethodWorker.run(TestMethodWorker.java:112)
	at org.testng.TestRunner.privateRun(TestRunner.java:782)
	at org.testng.TestRunner.run(TestRunner.java:632)
	at org.testng.SuiteRunner.runTest(SuiteRunner.java:366)
	at org.testng.SuiteRunner.runSequentially(SuiteRunner.java:361)
	at org.testng.SuiteRunner.privateRun(SuiteRunner.java:319)
	at org.testng.SuiteRunner.run(SuiteRunner.java:268)
	at org.testng.SuiteRunnerWorker.runSuite(SuiteRunnerWorker.java:52)
	at org.testng.SuiteRunnerWorker.run(SuiteRunnerWorker.java:86)
	at org.testng.TestNG.runSuitesSequentially(TestNG.java:1244)
	at org.testng.TestNG.runSuitesLocally(TestNG.java:1169)
	at org.testng.TestNG.run(TestNG.java:1064)
	at org.testng.remote.AbstractRemoteTestNG.run(AbstractRemoteTestNG.java:126)
	at org.testng.remote.RemoteTestNG.initAndRun(RemoteTestNG.java:137)
	at org.testng.remote.RemoteTestNG.main(RemoteTestNG.java:58)
Caused by: org.openqa.selenium.StaleElementReferenceException: Element not found in the cache - perhaps the page has changed since it was looked up
For documentation on this error, please visit: http://seleniumhq.org/exceptions/stale_element_reference.html
Build info: version: '2.53.0', revision: '35ae25b1534ae328c771e0856c93e187490ca824', time: '2016-03-15 10:43:46'
System info: host: 'Venkata', ip: '192.168.0.18', os.name: 'Windows 8.1', os.arch: 'amd64', os.version: '6.3', java.version: '1.8.0_31'
Driver info: driver.version: unknown
	at <anonymous class>.fxdriver.cache.getElementAt(resource://fxdriver/modules/web-element-cache.js:9454)
	at <anonymous class>.Utils.getElementAt(file:///C:/Users/Venkata/AppData/Local/Temp/anonymous861859054180458459webdriver-profile/extensions/fxdriver@googlecode.com/components/driver-component.js:9039)
	at <anonymous class>.FirefoxDriver.prototype.findElementInternal_(file:///C:/Users/Venkata/AppData/Local/Temp/anonymous861859054180458459webdriver-profile/extensions/fxdriver@googlecode.com/components/driver-component.js:10760)
	at <anonymous class>.FirefoxDriver.prototype.findChildElement(file:///C:/Users/Venkata/AppData/Local/Temp/anonymous861859054180458459webdriver-profile/extensions/fxdriver@googlecode.com/components/driver-component.js:10782)
	at <anonymous class>.DelayedCommand.prototype.executeInternal_/h(file:///C:/Users/Venkata/AppData/Local/Temp/anonymous861859054180458459webdriver-profile/extensions/fxdriver@googlecode.com/components/command-processor.js:12661)
	at <anonymous class>.DelayedCommand.prototype.executeInternal_(file:///C:/Users/Venkata/AppData/Local/Temp/anonymous861859054180458459webdriver-profile/extensions/fxdriver@googlecode.com/components/command-processor.js:12666)
	at <anonymous class>.DelayedCommand.prototype.execute/<(file:///C:/Users/Venkata/AppData/Local/Temp/anonymous861859054180458459webdriver-profile/extensions/fxdriver@googlecode.com/components/command-processor.js:12608)
]]>
            </full-stacktrace>
          </exception> <!-- org.openqa.selenium.StaleElementReferenceException -->
          <reporter-output>
          </reporter-output>
        </test-method> <!-- testMemberClick -->
      </class> <!-- com.omgeo.test.OmgeoTest -->
    </test> <!-- Default test -->
  </suite> <!-- Default suite -->
</testng-results>
